INFO:root:API is Running
INFO:werkzeug: * Running on http://0.0.0.0:5002/ (Press CTRL+C to quit)
DEBUG:urllib3.connectionpool:Starting new HTTPS connection (1): westcentralus.api.cognitive.microsoft.com
DEBUG:urllib3.connectionpool:https://westcentralus.api.cognitive.microsoft.com:443 "POST /face/v1.0/detect HTTP/1.1" 200 2
DEBUG:urllib3.connectionpool:Starting new HTTPS connection (1): westcentralus.api.cognitive.microsoft.com
DEBUG:urllib3.connectionpool:https://westcentralus.api.cognitive.microsoft.com:443 "POST /face/v1.0/detect HTTP/1.1" 200 459
INFO:root:main010.jpg has 0 face detections
INFO:werkzeug:127.0.0.1 - - [01/May/2018 10:43:11] "POST / HTTP/1.1" 200 -
INFO:root:API is Running
INFO:werkzeug: * Running on http://0.0.0.0:5002/ (Press CTRL+C to quit)
DEBUG:urllib3.connectionpool:Starting new HTTPS connection (1): westcentralus.api.cognitive.microsoft.com
DEBUG:urllib3.connectionpool:https://westcentralus.api.cognitive.microsoft.com:443 "POST /face/v1.0/detect HTTP/1.1" 200 459
DEBUG:urllib3.connectionpool:Starting new HTTPS connection (1): westcentralus.api.cognitive.microsoft.com
DEBUG:urllib3.connectionpool:https://westcentralus.api.cognitive.microsoft.com:443 "POST /face/v1.0/detect HTTP/1.1" 200 2
DEBUG:urllib3.connectionpool:Starting new HTTPS connection (1): westcentralus.api.cognitive.microsoft.com
DEBUG:urllib3.connectionpool:https://westcentralus.api.cognitive.microsoft.com:443 "POST /face/v1.0/detect HTTP/1.1" 200 336
DEBUG:urllib3.connectionpool:Starting new HTTPS connection (1): westcentralus.api.cognitive.microsoft.com
DEBUG:urllib3.connectionpool:https://westcentralus.api.cognitive.microsoft.com:443 "POST /face/v1.0/detect HTTP/1.1" 200 670
DEBUG:urllib3.connectionpool:Starting new HTTPS connection (1): westcentralus.api.cognitive.microsoft.com
DEBUG:urllib3.connectionpool:https://westcentralus.api.cognitive.microsoft.com:443 "POST /face/v1.0/detect HTTP/1.1" 200 115
DEBUG:urllib3.connectionpool:Starting new HTTPS connection (1): westcentralus.api.cognitive.microsoft.com
DEBUG:urllib3.connectionpool:https://westcentralus.api.cognitive.microsoft.com:443 "POST /face/v1.0/detect HTTP/1.1" 200 114
DEBUG:urllib3.connectionpool:Starting new HTTPS connection (1): westcentralus.api.cognitive.microsoft.com
DEBUG:urllib3.connectionpool:https://westcentralus.api.cognitive.microsoft.com:443 "POST /face/v1.0/detect HTTP/1.1" 200 224
ERROR:flask.app:Exception on / [POST]
Traceback (most recent call last):
  File "/home/matan/projects/viz/viz3/lib/python3.5/site-packages/flask/app.py", line 2292, in wsgi_app
    response = self.full_dispatch_request()
  File "/home/matan/projects/viz/viz3/lib/python3.5/site-packages/flask/app.py", line 1815, in full_dispatch_request
    rv = self.handle_user_exception(e)
  File "/home/matan/projects/viz/viz3/lib/python3.5/site-packages/flask/app.py", line 1718, in handle_user_exception
    reraise(exc_type, exc_value, tb)
  File "/home/matan/projects/viz/viz3/lib/python3.5/site-packages/flask/_compat.py", line 35, in reraise
    raise value
  File "/home/matan/projects/viz/viz3/lib/python3.5/site-packages/flask/app.py", line 1813, in full_dispatch_request
    rv = self.dispatch_request()
  File "/home/matan/projects/viz/viz3/lib/python3.5/site-packages/flask/app.py", line 1799, in dispatch_request
    return self.view_functions[rule.endpoint](**req.view_args)
  File "/home/matan/projects/viz/app.py", line 118, in get
    response = get_face_detection(binary_file_list)
  File "/home/matan/projects/viz/app.py", line 68, in get_face_detection
    r = response.result()
AttributeError: 'Response' object has no attribute 'result'
INFO:werkzeug:127.0.0.1 - - [01/May/2018 16:51:56] "POST / HTTP/1.1" 500 -
INFO:root:API is Running
INFO:root:API is Running
INFO:werkzeug: * Running on http://0.0.0.0:5002/ (Press CTRL+C to quit)
DEBUG:urllib3.connectionpool:Starting new HTTPS connection (1): westcentralus.api.cognitive.microsoft.com
DEBUG:urllib3.connectionpool:https://westcentralus.api.cognitive.microsoft.com:443 "POST /face/v1.0/detect HTTP/1.1" 200 114
DEBUG:urllib3.connectionpool:Starting new HTTPS connection (1): westcentralus.api.cognitive.microsoft.com
DEBUG:urllib3.connectionpool:https://westcentralus.api.cognitive.microsoft.com:443 "POST /face/v1.0/detect HTTP/1.1" 200 224
DEBUG:urllib3.connectionpool:Starting new HTTPS connection (1): westcentralus.api.cognitive.microsoft.com
DEBUG:urllib3.connectionpool:https://westcentralus.api.cognitive.microsoft.com:443 "POST /face/v1.0/detect HTTP/1.1" 200 336
DEBUG:urllib3.connectionpool:Starting new HTTPS connection (1): westcentralus.api.cognitive.microsoft.com
DEBUG:urllib3.connectionpool:https://westcentralus.api.cognitive.microsoft.com:443 "POST /face/v1.0/detect HTTP/1.1" 200 459
DEBUG:urllib3.connectionpool:Starting new HTTPS connection (1): westcentralus.api.cognitive.microsoft.com
DEBUG:urllib3.connectionpool:https://westcentralus.api.cognitive.microsoft.com:443 "POST /face/v1.0/detect HTTP/1.1" 200 670
DEBUG:urllib3.connectionpool:Starting new HTTPS connection (1): westcentralus.api.cognitive.microsoft.com
DEBUG:urllib3.connectionpool:https://westcentralus.api.cognitive.microsoft.com:443 "POST /face/v1.0/detect HTTP/1.1" 200 2
DEBUG:urllib3.connectionpool:Starting new HTTPS connection (1): westcentralus.api.cognitive.microsoft.com
INFO:root:API is Running
INFO:werkzeug: * Running on http://0.0.0.0:5002/ (Press CTRL+C to quit)
DEBUG:urllib3.connectionpool:Starting new HTTPS connection (1): westcentralus.api.cognitive.microsoft.com
DEBUG:urllib3.connectionpool:Starting new HTTPS connection (2): westcentralus.api.cognitive.microsoft.com
DEBUG:urllib3.connectionpool:https://westcentralus.api.cognitive.microsoft.com:443 "POST /face/v1.0/detect HTTP/1.1" 200 115
DEBUG:urllib3.connectionpool:https://westcentralus.api.cognitive.microsoft.com:443 "POST /face/v1.0/detect HTTP/1.1" 200 670
DEBUG:urllib3.connectionpool:https://westcentralus.api.cognitive.microsoft.com:443 "POST /face/v1.0/detect HTTP/1.1" 200 336
DEBUG:urllib3.connectionpool:https://westcentralus.api.cognitive.microsoft.com:443 "POST /face/v1.0/detect HTTP/1.1" 200 224
DEBUG:urllib3.connectionpool:https://westcentralus.api.cognitive.microsoft.com:443 "POST /face/v1.0/detect HTTP/1.1" 200 459
DEBUG:urllib3.connectionpool:https://westcentralus.api.cognitive.microsoft.com:443 "POST /face/v1.0/detect HTTP/1.1" 200 114
DEBUG:urllib3.connectionpool:https://westcentralus.api.cognitive.microsoft.com:443 "POST /face/v1.0/detect HTTP/1.1" 200 2
INFO:root:main010.jpg has 0 face detections
INFO:werkzeug:127.0.0.1 - - [01/May/2018 16:54:48] "POST / HTTP/1.1" 200 -
DEBUG:urllib3.connectionpool:https://westcentralus.api.cognitive.microsoft.com:443 "POST /face/v1.0/detect HTTP/1.1" 200 459
DEBUG:urllib3.connectionpool:https://westcentralus.api.cognitive.microsoft.com:443 "POST /face/v1.0/detect HTTP/1.1" 200 2
INFO:root:API is Running
INFO:werkzeug: * Running on http://0.0.0.0:5002/ (Press CTRL+C to quit)
ERROR:flask.app:Exception on / [POST]
Traceback (most recent call last):
  File "/home/matan/projects/viz/viz3/lib/python3.5/site-packages/flask/app.py", line 2292, in wsgi_app
    response = self.full_dispatch_request()
  File "/home/matan/projects/viz/viz3/lib/python3.5/site-packages/flask/app.py", line 1815, in full_dispatch_request
    rv = self.handle_user_exception(e)
  File "/home/matan/projects/viz/viz3/lib/python3.5/site-packages/flask/app.py", line 1718, in handle_user_exception
    reraise(exc_type, exc_value, tb)
  File "/home/matan/projects/viz/viz3/lib/python3.5/site-packages/flask/_compat.py", line 35, in reraise
    raise value
  File "/home/matan/projects/viz/viz3/lib/python3.5/site-packages/flask/app.py", line 1813, in full_dispatch_request
    rv = self.dispatch_request()
  File "/home/matan/projects/viz/viz3/lib/python3.5/site-packages/flask/app.py", line 1799, in dispatch_request
    return self.view_functions[rule.endpoint](**req.view_args)
  File "/home/matan/projects/viz/app.py", line 118, in get
    response = get_face_detection(binary_file_list)
  File "/home/matan/projects/viz/app.py", line 66, in get_face_detection
    for file_name, response in responses:
ValueError: too many values to unpack (expected 2)
DEBUG:urllib3.connectionpool:Starting new HTTPS connection (1): westcentralus.api.cognitive.microsoft.com
DEBUG:urllib3.connectionpool:Starting new HTTPS connection (2): westcentralus.api.cognitive.microsoft.com
INFO:werkzeug:127.0.0.1 - - [01/May/2018 16:56:55] "POST / HTTP/1.1" 500 -
DEBUG:urllib3.connectionpool:https://westcentralus.api.cognitive.microsoft.com:443 "POST /face/v1.0/detect HTTP/1.1" 200 459
DEBUG:urllib3.connectionpool:https://westcentralus.api.cognitive.microsoft.com:443 "POST /face/v1.0/detect HTTP/1.1" 200 2
INFO:root:API is Running
INFO:werkzeug: * Running on http://0.0.0.0:5002/ (Press CTRL+C to quit)
DEBUG:urllib3.connectionpool:Starting new HTTPS connection (1): westcentralus.api.cognitive.microsoft.com
DEBUG:urllib3.connectionpool:Starting new HTTPS connection (2): westcentralus.api.cognitive.microsoft.com
DEBUG:urllib3.connectionpool:https://westcentralus.api.cognitive.microsoft.com:443 "POST /face/v1.0/detect HTTP/1.1" 200 459
DEBUG:urllib3.connectionpool:https://westcentralus.api.cognitive.microsoft.com:443 "POST /face/v1.0/detect HTTP/1.1" 200 2
INFO:root:main010.jpg has 0 face detections
INFO:werkzeug:127.0.0.1 - - [01/May/2018 16:57:36] "POST / HTTP/1.1" 200 -
DEBUG:urllib3.connectionpool:https://westcentralus.api.cognitive.microsoft.com:443 "POST /face/v1.0/detect HTTP/1.1" 200 459
DEBUG:urllib3.connectionpool:https://westcentralus.api.cognitive.microsoft.com:443 "POST /face/v1.0/detect HTTP/1.1" 200 2
INFO:root:main010.jpg has 0 face detections
INFO:werkzeug:127.0.0.1 - - [01/May/2018 16:57:50] "POST / HTTP/1.1" 200 -
DEBUG:urllib3.connectionpool:https://westcentralus.api.cognitive.microsoft.com:443 "POST /face/v1.0/detect HTTP/1.1" 200 115
DEBUG:urllib3.connectionpool:https://westcentralus.api.cognitive.microsoft.com:443 "POST /face/v1.0/detect HTTP/1.1" 200 459
DEBUG:urllib3.connectionpool:https://westcentralus.api.cognitive.microsoft.com:443 "POST /face/v1.0/detect HTTP/1.1" 200 2
INFO:root:main010.jpg has 0 face detections
INFO:werkzeug:127.0.0.1 - - [01/May/2018 16:58:06] "POST / HTTP/1.1" 200 -
DEBUG:urllib3.connectionpool:https://westcentralus.api.cognitive.microsoft.com:443 "POST /face/v1.0/detect HTTP/1.1" 200 114
DEBUG:urllib3.connectionpool:https://westcentralus.api.cognitive.microsoft.com:443 "POST /face/v1.0/detect HTTP/1.1" 200 115
DEBUG:urllib3.connectionpool:https://westcentralus.api.cognitive.microsoft.com:443 "POST /face/v1.0/detect HTTP/1.1" 200 2
DEBUG:urllib3.connectionpool:https://westcentralus.api.cognitive.microsoft.com:443 "POST /face/v1.0/detect HTTP/1.1" 200 459
INFO:root:main010.jpg has 0 face detections
INFO:werkzeug:127.0.0.1 - - [01/May/2018 16:58:26] "POST / HTTP/1.1" 200 -
DEBUG:urllib3.connectionpool:https://westcentralus.api.cognitive.microsoft.com:443 "POST /face/v1.0/detect HTTP/1.1" 200 114
DEBUG:urllib3.connectionpool:https://westcentralus.api.cognitive.microsoft.com:443 "POST /face/v1.0/detect HTTP/1.1" 200 224
DEBUG:urllib3.connectionpool:https://westcentralus.api.cognitive.microsoft.com:443 "POST /face/v1.0/detect HTTP/1.1" 200 115
DEBUG:urllib3.connectionpool:https://westcentralus.api.cognitive.microsoft.com:443 "POST /face/v1.0/detect HTTP/1.1" 200 2
DEBUG:urllib3.connectionpool:https://westcentralus.api.cognitive.microsoft.com:443 "POST /face/v1.0/detect HTTP/1.1" 200 459
INFO:root:main010.jpg has 0 face detections
INFO:werkzeug:127.0.0.1 - - [01/May/2018 16:58:51] "POST / HTTP/1.1" 200 -
INFO:root:API is Running
INFO:werkzeug: * Running on http://0.0.0.0:5002/ (Press CTRL+C to quit)
INFO:root:Bad Request: Not json
INFO:werkzeug:127.0.0.1 - - [01/May/2018 17:06:34] "POST / HTTP/1.1" 400 -
INFO:root:Bad Request: Not json
INFO:werkzeug:127.0.0.1 - - [01/May/2018 17:06:51] "POST / HTTP/1.1" 400 -
ERROR:flask.app:Exception on / [POST]
Traceback (most recent call last):
  File "/home/matan/projects/viz/viz3/lib/python3.5/site-packages/flask/app.py", line 2292, in wsgi_app
    response = self.full_dispatch_request()
  File "/home/matan/projects/viz/viz3/lib/python3.5/site-packages/flask/app.py", line 1815, in full_dispatch_request
    rv = self.handle_user_exception(e)
  File "/home/matan/projects/viz/viz3/lib/python3.5/site-packages/flask/app.py", line 1718, in handle_user_exception
    reraise(exc_type, exc_value, tb)
  File "/home/matan/projects/viz/viz3/lib/python3.5/site-packages/flask/_compat.py", line 35, in reraise
    raise value
  File "/home/matan/projects/viz/viz3/lib/python3.5/site-packages/flask/app.py", line 1813, in full_dispatch_request
    rv = self.dispatch_request()
  File "/home/matan/projects/viz/viz3/lib/python3.5/site-packages/flask/app.py", line 1799, in dispatch_request
    return self.view_functions[rule.endpoint](**req.view_args)
  File "/home/matan/projects/viz/app.py", line 99, in get
    files = get_uniq_files(file_list)
  File "/home/matan/projects/viz/app.py", line 23, in get_uniq_files
    my_file = Path('./faces/' + file_name)
TypeError: Can't convert 'int' object to str implicitly
INFO:werkzeug:127.0.0.1 - - [01/May/2018 17:07:00] "POST / HTTP/1.1" 500 -
INFO:root:API is Running
INFO:werkzeug: * Running on http://0.0.0.0:5002/ (Press CTRL+C to quit)
INFO:root:123 is not a file - the path doesn’t exist or is a broken symlink
INFO:root:Bad Request: All files are not exist
INFO:werkzeug:127.0.0.1 - - [01/May/2018 17:08:37] "POST / HTTP/1.1" 404 -
INFO:root:123 is not a file - the path doesn’t exist or is a broken symlink
INFO:root:Bad Request: All files are not exist
INFO:werkzeug:127.0.0.1 - - [01/May/2018 17:08:41] "POST / HTTP/1.1" 404 -
